[2026-02-28T19:39:16.950+0000] {local_task_job_runner.py:120} INFO - ::group::Pre task execution logs
[2026-02-28T19:39:16.988+0000] {taskinstance.py:2076} INFO - Dependencies all met for dep_context=non-requeueable deps ti=<TaskInstance: spotify_minio_to_snowflake_bronze.load_raw_to_snowflake scheduled__2026-02-28T18:00:00+00:00 [queued]>
[2026-02-28T19:39:17.005+0000] {taskinstance.py:2076} INFO - Dependencies all met for dep_context=requeueable deps ti=<TaskInstance: spotify_minio_to_snowflake_bronze.load_raw_to_snowflake scheduled__2026-02-28T18:00:00+00:00 [queued]>
[2026-02-28T19:39:17.006+0000] {taskinstance.py:2306} INFO - Starting attempt 1 of 2
[2026-02-28T19:39:17.021+0000] {taskinstance.py:2330} INFO - Executing <Task(PythonOperator): load_raw_to_snowflake> on 2026-02-28 18:00:00+00:00
[2026-02-28T19:39:17.030+0000] {standard_task_runner.py:90} INFO - Running: ['***', 'tasks', 'run', 'spotify_minio_to_snowflake_bronze', 'load_raw_to_snowflake', 'scheduled__2026-02-28T18:00:00+00:00', '--job-id', '4', '--raw', '--subdir', 'DAGS_FOLDER/minio-to-kafka.py', '--cfg-path', '/tmp/tmpktkgyu7h']
[2026-02-28T19:39:17.036+0000] {standard_task_runner.py:91} INFO - Job 4: Subtask load_raw_to_snowflake
[2026-02-28T19:39:17.036+0000] {logging_mixin.py:188} WARNING - /home/***/.local/lib/python3.12/site-packages/***/task/task_runner/standard_task_runner.py:62 DeprecationWarning: This process (pid=90) is multi-threaded, use of fork() may lead to deadlocks in the child.
[2026-02-28T19:39:17.037+0000] {standard_task_runner.py:64} INFO - Started process 100 to run task
[2026-02-28T19:39:17.128+0000] {task_command.py:426} INFO - Running <TaskInstance: spotify_minio_to_snowflake_bronze.load_raw_to_snowflake scheduled__2026-02-28T18:00:00+00:00 [running]> on host 2540bcea0d43
[2026-02-28T19:39:17.248+0000] {taskinstance.py:2648} INFO - Exporting env vars: AIRFLOW_CTX_DAG_OWNER='***' AIRFLOW_CTX_DAG_ID='spotify_minio_to_snowflake_bronze' AIRFLOW_CTX_TASK_ID='load_raw_to_snowflake' AIRFLOW_CTX_EXECUTION_DATE='2026-02-28T18:00:00+00:00' AIRFLOW_CTX_TRY_NUMBER='1' AIRFLOW_CTX_DAG_RUN_ID='scheduled__2026-02-28T18:00:00+00:00'
[2026-02-28T19:39:17.249+0000] {taskinstance.py:430} INFO - ::endgroup::
[2026-02-28T19:39:17.281+0000] {connection.py:408} INFO - Snowflake Connector for Python Version: 3.11.0, Python Version: 3.12.4, Platform: Linux-6.6.87.2-microsoft-standard-WSL2-x86_64-with-glibc2.36
[2026-02-28T19:39:17.282+0000] {connection.py:1258} INFO - This connection is in OCSP Fail Open Mode. TLS Certificates would be checked for validity and revocation status. Any other Certificate Revocation related exceptions or OCSP Responder failures would be disregarded in favor of connectivity.
[2026-02-28T19:39:18.432+0000] {taskinstance.py:441} INFO - ::group::Post task execution logs
[2026-02-28T19:39:18.433+0000] {taskinstance.py:2905} ERROR - Task failed with exception
Traceback (most recent call last):
  File "/home/airflow/.local/lib/python3.12/site-packages/airflow/models/taskinstance.py", line 465, in _execute_task
    result = _execute_callable(context=context, **execute_callable_kwargs)
             ^^^^^^^^^^^^^^^^^^^^^^^^^^^^^^^^^^^^^^^^^^^^^^^^^^^^^^^^^^^^^
  File "/home/airflow/.local/lib/python3.12/site-packages/airflow/models/taskinstance.py", line 432, in _execute_callable
    return execute_callable(context=context, **execute_callable_kwargs)
           ^^^^^^^^^^^^^^^^^^^^^^^^^^^^^^^^^^^^^^^^^^^^^^^^^^^^^^^^^^^^
  File "/home/airflow/.local/lib/python3.12/site-packages/airflow/models/baseoperator.py", line 401, in wrapper
    return func(self, *args, **kwargs)
           ^^^^^^^^^^^^^^^^^^^^^^^^^^^
  File "/home/airflow/.local/lib/python3.12/site-packages/airflow/operators/python.py", line 235, in execute
    return_value = self.execute_callable()
                   ^^^^^^^^^^^^^^^^^^^^^^^
  File "/home/airflow/.local/lib/python3.12/site-packages/airflow/operators/python.py", line 252, in execute_callable
    return self.python_callable(*self.op_args, **self.op_kwargs)
           ^^^^^^^^^^^^^^^^^^^^^^^^^^^^^^^^^^^^^^^^^^^^^^^^^^^^^
  File "/opt/airflow/dags/minio-to-kafka.py", line 92, in load_raw_to_snowflake
    conn = snowflake.connector.connect(
           ^^^^^^^^^^^^^^^^^^^^^^^^^^^^
  File "/home/airflow/.local/lib/python3.12/site-packages/snowflake/connector/__init__.py", line 55, in Connect
    return SnowflakeConnection(**kwargs)
           ^^^^^^^^^^^^^^^^^^^^^^^^^^^^^
  File "/home/airflow/.local/lib/python3.12/site-packages/snowflake/connector/connection.py", line 451, in __init__
    self.connect(**kwargs)
  File "/home/airflow/.local/lib/python3.12/site-packages/snowflake/connector/connection.py", line 756, in connect
    self.__open_connection()
  File "/home/airflow/.local/lib/python3.12/site-packages/snowflake/connector/connection.py", line 1084, in __open_connection
    self.authenticate_with_retry(self.auth_class)
  File "/home/airflow/.local/lib/python3.12/site-packages/snowflake/connector/connection.py", line 1364, in authenticate_with_retry
    self._authenticate(auth_instance)
  File "/home/airflow/.local/lib/python3.12/site-packages/snowflake/connector/connection.py", line 1392, in _authenticate
    auth.authenticate(
  File "/home/airflow/.local/lib/python3.12/site-packages/snowflake/connector/auth/_auth.py", line 401, in authenticate
    Error.errorhandler_wrapper(
  File "/home/airflow/.local/lib/python3.12/site-packages/snowflake/connector/errors.py", line 290, in errorhandler_wrapper
    handed_over = Error.hand_to_other_handler(
                  ^^^^^^^^^^^^^^^^^^^^^^^^^^^^
  File "/home/airflow/.local/lib/python3.12/site-packages/snowflake/connector/errors.py", line 348, in hand_to_other_handler
    connection.errorhandler(connection, cursor, error_class, error_value)
  File "/home/airflow/.local/lib/python3.12/site-packages/snowflake/connector/errors.py", line 221, in default_errorhandler
    raise error_class(
snowflake.connector.errors.DatabaseError: 250001 (08001): None: Failed to connect to DB: gmb82669.snowflakecomputing.com:443. Incorrect username or password was specified.
[2026-02-28T19:39:18.453+0000] {taskinstance.py:1206} INFO - Marking task as UP_FOR_RETRY. dag_id=spotify_minio_to_snowflake_bronze, task_id=load_raw_to_snowflake, run_id=scheduled__2026-02-28T18:00:00+00:00, execution_date=20260228T180000, start_date=20260228T193916, end_date=20260228T193918
[2026-02-28T19:39:18.482+0000] {standard_task_runner.py:110} ERROR - Failed to execute job 4 for task load_raw_to_snowflake (250001 (08001): None: Failed to connect to DB: gmb82669.snowflakecomputing.com:443. Incorrect username or password was specified.; 100)
[2026-02-28T19:39:18.500+0000] {local_task_job_runner.py:243} INFO - Task exited with return code 1
[2026-02-28T19:39:18.525+0000] {taskinstance.py:3503} INFO - 0 downstream tasks scheduled from follow-on schedule check
[2026-02-28T19:39:18.528+0000] {local_task_job_runner.py:222} INFO - ::endgroup::
[2026-02-28T19:48:14.998+0000] {local_task_job_runner.py:120} INFO - ::group::Pre task execution logs
[2026-02-28T19:48:15.027+0000] {taskinstance.py:2076} INFO - Dependencies all met for dep_context=non-requeueable deps ti=<TaskInstance: spotify_minio_to_snowflake_bronze.load_raw_to_snowflake scheduled__2026-02-28T18:00:00+00:00 [queued]>
[2026-02-28T19:48:15.037+0000] {taskinstance.py:2076} INFO - Dependencies all met for dep_context=requeueable deps ti=<TaskInstance: spotify_minio_to_snowflake_bronze.load_raw_to_snowflake scheduled__2026-02-28T18:00:00+00:00 [queued]>
[2026-02-28T19:48:15.038+0000] {taskinstance.py:2306} INFO - Starting attempt 1 of 2
[2026-02-28T19:48:15.052+0000] {taskinstance.py:2330} INFO - Executing <Task(PythonOperator): load_raw_to_snowflake> on 2026-02-28 18:00:00+00:00
[2026-02-28T19:48:15.061+0000] {standard_task_runner.py:90} INFO - Running: ['***', 'tasks', 'run', 'spotify_minio_to_snowflake_bronze', 'load_raw_to_snowflake', 'scheduled__2026-02-28T18:00:00+00:00', '--job-id', '7', '--raw', '--subdir', 'DAGS_FOLDER/minio-to-kafka.py', '--cfg-path', '/tmp/tmphctnyh0n']
[2026-02-28T19:48:15.066+0000] {standard_task_runner.py:91} INFO - Job 7: Subtask load_raw_to_snowflake
[2026-02-28T19:48:15.067+0000] {logging_mixin.py:188} WARNING - /home/***/.local/lib/python3.12/site-packages/***/task/task_runner/standard_task_runner.py:62 DeprecationWarning: This process (pid=174) is multi-threaded, use of fork() may lead to deadlocks in the child.
[2026-02-28T19:48:15.068+0000] {standard_task_runner.py:64} INFO - Started process 184 to run task
[2026-02-28T19:48:15.147+0000] {task_command.py:426} INFO - Running <TaskInstance: spotify_minio_to_snowflake_bronze.load_raw_to_snowflake scheduled__2026-02-28T18:00:00+00:00 [running]> on host 2540bcea0d43
[2026-02-28T19:48:15.257+0000] {taskinstance.py:2648} INFO - Exporting env vars: AIRFLOW_CTX_DAG_OWNER='***' AIRFLOW_CTX_DAG_ID='spotify_minio_to_snowflake_bronze' AIRFLOW_CTX_TASK_ID='load_raw_to_snowflake' AIRFLOW_CTX_EXECUTION_DATE='2026-02-28T18:00:00+00:00' AIRFLOW_CTX_TRY_NUMBER='1' AIRFLOW_CTX_DAG_RUN_ID='scheduled__2026-02-28T18:00:00+00:00'
[2026-02-28T19:48:15.258+0000] {taskinstance.py:430} INFO - ::endgroup::
[2026-02-28T19:48:15.287+0000] {connection.py:408} INFO - Snowflake Connector for Python Version: 3.11.0, Python Version: 3.12.4, Platform: Linux-6.6.87.2-microsoft-standard-WSL2-x86_64-with-glibc2.36
[2026-02-28T19:48:15.289+0000] {connection.py:1258} INFO - This connection is in OCSP Fail Open Mode. TLS Certificates would be checked for validity and revocation status. Any other Certificate Revocation related exceptions or OCSP Responder failures would be disregarded in favor of connectivity.
[2026-02-28T19:48:16.479+0000] {cursor.py:1149} INFO - Number of results in first chunk: 1
[2026-02-28T19:48:16.652+0000] {cursor.py:1149} INFO - Number of results in first chunk: 1
[2026-02-28T19:48:17.141+0000] {cursor.py:1149} INFO - Number of results in first chunk: 1
[2026-02-28T19:48:23.837+0000] {cursor.py:1149} INFO - Number of results in first chunk: 1
[2026-02-28T19:48:23.839+0000] {connection.py:773} INFO - closed
[2026-02-28T19:48:23.950+0000] {connection.py:779} INFO - No async queries seem to be running, deleting session
[2026-02-28T19:48:24.063+0000] {logging_mixin.py:188} INFO - ✅ Loaded 10 raw records into Snowflake table: SPOTIFY_EVENTS_BRONZE
[2026-02-28T19:48:24.064+0000] {python.py:237} INFO - Done. Returned value was: None
[2026-02-28T19:48:24.065+0000] {taskinstance.py:441} INFO - ::group::Post task execution logs
[2026-02-28T19:48:24.077+0000] {taskinstance.py:1206} INFO - Marking task as SUCCESS. dag_id=spotify_minio_to_snowflake_bronze, task_id=load_raw_to_snowflake, run_id=scheduled__2026-02-28T18:00:00+00:00, execution_date=20260228T180000, start_date=20260228T194815, end_date=20260228T194824
[2026-02-28T19:48:24.111+0000] {local_task_job_runner.py:243} INFO - Task exited with return code 0
[2026-02-28T19:48:24.133+0000] {taskinstance.py:3503} INFO - 0 downstream tasks scheduled from follow-on schedule check
[2026-02-28T19:48:24.137+0000] {local_task_job_runner.py:222} INFO - ::endgroup::
