[0m15:47:57.694302 [debug] [MainThread]: Sending event: {'category': 'dbt', 'action': 'invocation', 'label': 'start', 'context': [<snowplow_tracker.self_describing_json.SelfDescribingJson object at 0x000001E8B7AEDE90>, <snowplow_tracker.self_describing_json.SelfDescribingJson object at 0x000001E8B7B52B10>, <snowplow_tracker.self_describing_json.SelfDescribingJson object at 0x000001E8B7B14690>]}


============================== 15:47:57.720907 | 61184c7c-1aa7-4dab-9b3a-348627899110 ==============================
[0m15:47:57.720907 [info ] [MainThread]: Running with dbt=1.11.6
[0m15:47:57.721957 [debug] [MainThread]: running dbt with arguments {'static_parser': 'True', 'no_print': 'None', 'version_check': 'True', 'target_path': 'None', 'warn_error_options': 'WarnErrorOptionsV2(error=[], warn=[], silence=[])', 'printer_width': '80', 'write_json': 'True', 'introspect': 'True', 'log_cache_events': 'False', 'empty': 'None', 'cache_selected_only': 'False', 'fail_fast': 'False', 'debug': 'False', 'log_format': 'default', 'profiles_dir': 'C:\\Users\\chris\\.dbt', 'send_anonymous_usage_stats': 'True', 'quiet': 'False', 'warn_error': 'None', 'partial_parse': 'True', 'use_colors': 'True', 'indirect_selection': 'eager', 'invocation_command': 'dbt init', 'use_experimental_parser': 'False', 'log_path': 'logs'}
[0m15:47:57.785946 [info ] [MainThread]: Creating dbt configuration folder at C:\Users\chris\.dbt
[0m15:48:40.858615 [debug] [MainThread]: Starter project path: C:\Users\chris\AppData\Local\Programs\Python\Python311\Lib\site-packages\dbt\include\starter_project
[0m15:48:40.968820 [info ] [MainThread]: 
Your new dbt project "spotify_dbt" was created!

For more information on how to configure the profiles.yml file,
please consult the dbt documentation here:

  https://docs.getdbt.com/docs/configure-your-profile

One more thing:

Need help? Don't hesitate to reach out to us via GitHub issues or on Slack:

  https://community.getdbt.com/

Happy modeling!

[0m15:48:40.968820 [info ] [MainThread]: Setting up your profile.
[0m15:48:45.713866 [debug] [MainThread]: Snowflake adapter: Setting snowflake.connector to ERROR (file logging only)
[0m15:48:45.713866 [debug] [MainThread]: Snowflake adapter: Setting botocore to ERROR (file logging only)
[0m15:48:45.713866 [debug] [MainThread]: Snowflake adapter: Setting boto3 to ERROR (file logging only)
[0m15:52:15.769926 [info ] [MainThread]: Profile spotify_dbt written to C:\Users\chris\.dbt\profiles.yml using target's profile_template.yml and your supplied values. Run 'dbt debug' to validate the connection.
[0m15:52:15.772990 [debug] [MainThread]: Command `dbt init` succeeded at 15:52:15.772990 after 258.71 seconds
[0m15:52:15.774443 [debug] [MainThread]: Sending event: {'category': 'dbt', 'action': 'invocation', 'label': 'end', 'context': [<snowplow_tracker.self_describing_json.SelfDescribingJson object at 0x000001E8B7EDC810>, <snowplow_tracker.self_describing_json.SelfDescribingJson object at 0x000001E8B0021ED0>, <snowplow_tracker.self_describing_json.SelfDescribingJson object at 0x000001E8B009F310>]}
[0m15:52:15.775566 [debug] [MainThread]: Flushing usage events
[0m15:52:16.795914 [debug] [MainThread]: An error was encountered while trying to flush usage events
