[2026-02-28T19:39:11.037+0000] {local_task_job_runner.py:120} INFO - ::group::Pre task execution logs
[2026-02-28T19:39:11.071+0000] {taskinstance.py:2076} INFO - Dependencies all met for dep_context=non-requeueable deps ti=<TaskInstance: spotify_minio_to_snowflake_bronze.extract_data scheduled__2026-02-28T18:00:00+00:00 [queued]>
[2026-02-28T19:39:11.081+0000] {taskinstance.py:2076} INFO - Dependencies all met for dep_context=requeueable deps ti=<TaskInstance: spotify_minio_to_snowflake_bronze.extract_data scheduled__2026-02-28T18:00:00+00:00 [queued]>
[2026-02-28T19:39:11.083+0000] {taskinstance.py:2306} INFO - Starting attempt 1 of 2
[2026-02-28T19:39:11.096+0000] {taskinstance.py:2330} INFO - Executing <Task(PythonOperator): extract_data> on 2026-02-28 18:00:00+00:00
[2026-02-28T19:39:11.106+0000] {standard_task_runner.py:90} INFO - Running: ['***', 'tasks', 'run', 'spotify_minio_to_snowflake_bronze', 'extract_data', 'scheduled__2026-02-28T18:00:00+00:00', '--job-id', '3', '--raw', '--subdir', 'DAGS_FOLDER/minio-to-kafka.py', '--cfg-path', '/tmp/tmpa9_dkjwn']
[2026-02-28T19:39:11.109+0000] {logging_mixin.py:188} WARNING - /home/***/.local/lib/python3.12/site-packages/***/task/task_runner/standard_task_runner.py:62 DeprecationWarning: This process (pid=76) is multi-threaded, use of fork() may lead to deadlocks in the child.
[2026-02-28T19:39:11.111+0000] {standard_task_runner.py:91} INFO - Job 3: Subtask extract_data
[2026-02-28T19:39:11.111+0000] {standard_task_runner.py:64} INFO - Started process 89 to run task
[2026-02-28T19:39:11.191+0000] {task_command.py:426} INFO - Running <TaskInstance: spotify_minio_to_snowflake_bronze.extract_data scheduled__2026-02-28T18:00:00+00:00 [running]> on host 2540bcea0d43
[2026-02-28T19:39:11.327+0000] {taskinstance.py:2648} INFO - Exporting env vars: AIRFLOW_CTX_DAG_OWNER='***' AIRFLOW_CTX_DAG_ID='spotify_minio_to_snowflake_bronze' AIRFLOW_CTX_TASK_ID='extract_data' AIRFLOW_CTX_EXECUTION_DATE='2026-02-28T18:00:00+00:00' AIRFLOW_CTX_TRY_NUMBER='1' AIRFLOW_CTX_DAG_RUN_ID='scheduled__2026-02-28T18:00:00+00:00'
[2026-02-28T19:39:11.329+0000] {taskinstance.py:430} INFO - ::endgroup::
[2026-02-28T19:39:12.159+0000] {logging_mixin.py:188} INFO - ✅ Extracted 10 events from MinIO and saved to /tmp/spotify_raw.json
[2026-02-28T19:39:12.160+0000] {python.py:237} INFO - Done. Returned value was: /tmp/spotify_raw.json
[2026-02-28T19:39:12.161+0000] {taskinstance.py:441} INFO - ::group::Post task execution logs
[2026-02-28T19:39:12.199+0000] {taskinstance.py:1206} INFO - Marking task as SUCCESS. dag_id=spotify_minio_to_snowflake_bronze, task_id=extract_data, run_id=scheduled__2026-02-28T18:00:00+00:00, execution_date=20260228T180000, start_date=20260228T193911, end_date=20260228T193912
[2026-02-28T19:39:12.251+0000] {local_task_job_runner.py:243} INFO - Task exited with return code 0
[2026-02-28T19:39:12.273+0000] {taskinstance.py:3503} INFO - 1 downstream tasks scheduled from follow-on schedule check
[2026-02-28T19:39:12.276+0000] {local_task_job_runner.py:222} INFO - ::endgroup::
[2026-02-28T19:48:10.137+0000] {local_task_job_runner.py:120} INFO - ::group::Pre task execution logs
[2026-02-28T19:48:10.170+0000] {taskinstance.py:2076} INFO - Dependencies all met for dep_context=non-requeueable deps ti=<TaskInstance: spotify_minio_to_snowflake_bronze.extract_data scheduled__2026-02-28T18:00:00+00:00 [queued]>
[2026-02-28T19:48:10.178+0000] {taskinstance.py:2076} INFO - Dependencies all met for dep_context=requeueable deps ti=<TaskInstance: spotify_minio_to_snowflake_bronze.extract_data scheduled__2026-02-28T18:00:00+00:00 [queued]>
[2026-02-28T19:48:10.179+0000] {taskinstance.py:2306} INFO - Starting attempt 1 of 2
[2026-02-28T19:48:10.193+0000] {taskinstance.py:2330} INFO - Executing <Task(PythonOperator): extract_data> on 2026-02-28 18:00:00+00:00
[2026-02-28T19:48:10.203+0000] {standard_task_runner.py:90} INFO - Running: ['***', 'tasks', 'run', 'spotify_minio_to_snowflake_bronze', 'extract_data', 'scheduled__2026-02-28T18:00:00+00:00', '--job-id', '6', '--raw', '--subdir', 'DAGS_FOLDER/minio-to-kafka.py', '--cfg-path', '/tmp/tmpzs58cyb2']
[2026-02-28T19:48:10.207+0000] {standard_task_runner.py:91} INFO - Job 6: Subtask extract_data
[2026-02-28T19:48:10.207+0000] {logging_mixin.py:188} WARNING - /home/***/.local/lib/python3.12/site-packages/***/task/task_runner/standard_task_runner.py:62 DeprecationWarning: This process (pid=163) is multi-threaded, use of fork() may lead to deadlocks in the child.
[2026-02-28T19:48:10.209+0000] {standard_task_runner.py:64} INFO - Started process 173 to run task
[2026-02-28T19:48:10.287+0000] {task_command.py:426} INFO - Running <TaskInstance: spotify_minio_to_snowflake_bronze.extract_data scheduled__2026-02-28T18:00:00+00:00 [running]> on host 2540bcea0d43
[2026-02-28T19:48:10.384+0000] {taskinstance.py:2648} INFO - Exporting env vars: AIRFLOW_CTX_DAG_OWNER='***' AIRFLOW_CTX_DAG_ID='spotify_minio_to_snowflake_bronze' AIRFLOW_CTX_TASK_ID='extract_data' AIRFLOW_CTX_EXECUTION_DATE='2026-02-28T18:00:00+00:00' AIRFLOW_CTX_TRY_NUMBER='1' AIRFLOW_CTX_DAG_RUN_ID='scheduled__2026-02-28T18:00:00+00:00'
[2026-02-28T19:48:10.386+0000] {taskinstance.py:430} INFO - ::endgroup::
[2026-02-28T19:48:10.714+0000] {logging_mixin.py:188} INFO - ✅ Extracted 10 events from MinIO and saved to /tmp/spotify_raw.json
[2026-02-28T19:48:10.715+0000] {python.py:237} INFO - Done. Returned value was: /tmp/spotify_raw.json
[2026-02-28T19:48:10.716+0000] {taskinstance.py:441} INFO - ::group::Post task execution logs
[2026-02-28T19:48:10.752+0000] {taskinstance.py:1206} INFO - Marking task as SUCCESS. dag_id=spotify_minio_to_snowflake_bronze, task_id=extract_data, run_id=scheduled__2026-02-28T18:00:00+00:00, execution_date=20260228T180000, start_date=20260228T194810, end_date=20260228T194810
[2026-02-28T19:48:10.786+0000] {local_task_job_runner.py:243} INFO - Task exited with return code 0
[2026-02-28T19:48:10.809+0000] {taskinstance.py:3503} INFO - 1 downstream tasks scheduled from follow-on schedule check
[2026-02-28T19:48:10.812+0000] {local_task_job_runner.py:222} INFO - ::endgroup::
